<?xml version="1.0" encoding="UTF-8"?>
<!-- Generated by org.testng.reporters.JUnitReportReporter -->
<testsuite hostname="DESKTOP-2O2VKEV" failures="0" tests="1" name="com.tests.OpenBrowser" time="9.508" errors="0" timestamp="29 Dec 2018 16:55:16 GMT" skipped="0">
  <testcase classname="com.tests.OpenBrowser" name="browser" time="9.508"/>
</testsuite> <!-- com.tests.OpenBrowser -->
